---------------------------------------------------------------
[ 2019-04-03T16:46:34+08:00 ] 127.0.0.1 GET home.wangzhan.com/
[运行时间：0.746949s] [吞吐率：1.34req/s] [内存消耗：3,018.50kb] [文件加载：89]
[ info ] [ LANG ] E:\phpStudy\PHPTutorial\WWW\home.wangzhan.com\thinkphp\lang\zh-cn.php
[ info ] [ ROUTE ] array (
  'rule' => '',
  'route' => 'home/index/index',
  'option' => 
  array (
    'merge_rule_regex' => false,
    'complete_match' => true,
  ),
  'var' => 
  array (
  ),
)
[ info ] [ HEADER ] array (
  'accept-language' => 'zh-CN,zh;q=0.9',
  'accept-encoding' => 'gzip, deflate',
  'accept' => 'text/html,application/xhtml+xml,application/xml;q=0.9,image/webp,image/apng,*/*;q=0.8',
  'user-agent' => 'Mozilla/5.0 (Windows NT 10.0; Win64; x64) AppleWebKit/537.36 (KHTML, like Gecko) Chrome/70.0.3534.4 Safari/537.36',
  'upgrade-insecure-requests' => '1',
  'connection' => 'keep-alive',
  'host' => 'home.wangzhan.com',
  'content-length' => '',
  'content-type' => '',
)
[ info ] [ PARAM ] array (
)
[ info ] [ DB ] INIT mysql
[ info ] [ VIEW ] E:\phpStudy\PHPTutorial\WWW\home.wangzhan.com\application\home\view\index\index.html [ array (
  0 => 'classType_list',
  1 => 'list',
  2 => 'course_list',
  3 => 'package_list',
  4 => 'article_list',
) ]
[ sql ] [ DB ] CONNECT:[ UseTime:0.002195s ] mysql:host=127.0.0.1;port=3306;dbname=wangzhan;charset=utf8
[ sql ] [ SQL ] SHOW COLUMNS FROM `clt_wz_find_class_type` [ RunTime:0.061207s ]
[ sql ] [ SQL ] SELECT `id`,`title` FROM `clt_wz_find_class_type` [ RunTime:0.000481s ]
[ sql ] [ SQL ] SELECT `id`,`title` FROM `clt_wz_find_class_type` [ RunTime:0.000381s ]
[ sql ] [ SQL ] SHOW COLUMNS FROM `clt_wz_find_course` [ RunTime:0.046538s ]
[ sql ] [ SQL ] SELECT `id`,`title`,`describe`,`price`,`pic`,`cang`,`class_type_id` FROM `clt_wz_find_course` WHERE  `class_type_id` <> 0  AND `is_tui` = 1 LIMIT 8 [ RunTime:0.012671s ]
[ sql ] [ SQL ] SHOW COLUMNS FROM `clt_wz_package` [ RunTime:0.029935s ]
[ sql ] [ SQL ] SELECT * FROM `clt_wz_package` WHERE  `is_tui` = 1 LIMIT 1 [ RunTime:0.010005s ]
[ sql ] [ SQL ] SHOW COLUMNS FROM `clt_wz_article` [ RunTime:0.024069s ]
[ sql ] [ SQL ] SELECT * FROM `clt_wz_article` WHERE  `is_tui` = 1 [ RunTime:0.000453s ]
[ error ] [8]未定义变量: admin_path[E:\phpStudy\PHPTutorial\WWW\home.wangzhan.com\runtime\temp\f3a7d37b0aa60d977598ee6cb905d0d8.php:218]
