---------------------------------------------------------------
[ 2019-04-10T10:12:47+08:00 ] 127.0.0.1 GET home.wangzhan.com/
[运行时间：0.603985s] [吞吐率：1.66req/s] [内存消耗：3,294.48kb] [文件加载：90]
[ info ] [ LANG ] E:\phpStudy\PHPTutorial\WWW\home.wangzhan.com\thinkphp\lang\zh-cn.php
[ info ] [ ROUTE ] array (
  'rule' => '',
  'route' => 'home/index/index',
  'option' => 
  array (
    'merge_rule_regex' => false,
    'complete_match' => true,
  ),
  'var' => 
  array (
  ),
)
[ info ] [ HEADER ] array (
  'accept-language' => 'zh-CN,zh;q=0.9',
  'accept-encoding' => 'gzip, deflate',
  'accept' => 'text/html,application/xhtml+xml,application/xml;q=0.9,image/webp,image/apng,*/*;q=0.8',
  'user-agent' => 'Mozilla/5.0 (Windows NT 10.0; Win64; x64) AppleWebKit/537.36 (KHTML, like Gecko) Chrome/70.0.3534.4 Safari/537.36',
  'upgrade-insecure-requests' => '1',
  'connection' => 'keep-alive',
  'host' => 'home.wangzhan.com',
  'content-length' => '',
  'content-type' => '',
)
[ info ] [ PARAM ] array (
)
[ info ] [ DB ] INIT mysql
[ info ] [ VIEW ] E:\phpStudy\PHPTutorial\WWW\home.wangzhan.com\application\home\view\index\index.html [ array (
  0 => 'classType_list',
  1 => 'uid',
  2 => 'list',
  3 => 'course_list',
  4 => 'package_list',
  5 => 'article_list',
  6 => 'admin_path',
) ]
[ sql ] [ DB ] CONNECT:[ UseTime:0.002337s ] mysql:host=127.0.0.1;port=3306;dbname=wangzhan;charset=utf8
[ sql ] [ SQL ] SHOW COLUMNS FROM `clt_wz_find_class_type` [ RunTime:0.060175s ]
[ sql ] [ SQL ] SELECT `id`,`title` FROM `clt_wz_find_class_type` [ RunTime:0.000391s ]
[ sql ] [ SQL ] SELECT `id`,`title` FROM `clt_wz_find_class_type` [ RunTime:0.000398s ]
[ sql ] [ SQL ] SHOW COLUMNS FROM `clt_wz_find_course` [ RunTime:0.042309s ]
[ sql ] [ SQL ] SELECT `id`,`title`,`describe`,`price`,`pic`,`cang`,`class_type_id` FROM `clt_wz_find_course` WHERE  `class_type_id` <> 0  AND `is_tui` = 1 LIMIT 8 [ RunTime:0.013083s ]
[ sql ] [ SQL ] SHOW COLUMNS FROM `clt_wz_package` [ RunTime:0.052924s ]
[ sql ] [ SQL ] SELECT * FROM `clt_wz_package` WHERE  `is_tui` = 1 LIMIT 1 [ RunTime:0.003684s ]
[ sql ] [ SQL ] SHOW COLUMNS FROM `clt_wz_article` [ RunTime:0.033157s ]
[ sql ] [ SQL ] SELECT * FROM `clt_wz_article` WHERE  `is_tui` = 1 [ RunTime:0.000386s ]
---------------------------------------------------------------
[ 2019-04-10T10:12:48+08:00 ] 127.0.0.1 GET home.wangzhan.com/js/ft-carousel.min.js
[运行时间：0.051072s] [吞吐率：19.58req/s] [内存消耗：1,762.39kb] [文件加载：68]
[ info ] [ LANG ] E:\phpStudy\PHPTutorial\WWW\home.wangzhan.com\thinkphp\lang\zh-cn.php
[ info ] [ ROUTE ] array (
)
[ info ] [ HEADER ] array (
  'cookie' => 'PHPSESSID=29a6cfjedj4vg2ndhumfgc7t8r',
  'accept-language' => 'zh-CN,zh;q=0.9',
  'accept-encoding' => 'gzip, deflate',
  'referer' => 'http://home.wangzhan.com/',
  'accept' => '*/*',
  'user-agent' => 'Mozilla/5.0 (Windows NT 10.0; Win64; x64) AppleWebKit/537.36 (KHTML, like Gecko) Chrome/70.0.3534.4 Safari/537.36',
  'connection' => 'keep-alive',
  'host' => 'home.wangzhan.com',
  'content-length' => '',
  'content-type' => '',
)
[ info ] [ PARAM ] array (
)
